<component name="libraryTable">
  <library name="junit-jupiter-api-5.4.2">
    <CLASSES>
      <root url="jar://$PROJECT_DIR$/../junit-jupiter-api-5.4.2.jar!/" />
      <root url="jar://$PROJECT_DIR$/../junit-jupiter-engine-5.4.2.jar!/" />
      <root url="jar://$PROJECT_DIR$/../junit-jupiter-migrationsupport-5.4.2.jar!/" />
      <root url="jar://$PROJECT_DIR$/../junit-jupiter-params-5.4.2.jar!/" />
    </CLASSES>
    <JAVADOC />
    <SOURCES />
  </library>
</component>